2018-08-09 23:02:32,431 - [Rest:__init__]  DEBUG : this is test from Rest Infrastructure
2018-08-10 23:19:48,261 - [Rest:__init__]  DEBUG : this is test from Rest Infrastructure
2018-08-10 23:21:45,184 - [Rest:__init__]  DEBUG : this is test from Rest Infrastructure
2018-08-11 20:22:38,940 - [Rest:__init__]  DEBUG : this is test from Rest Infrastructure
2018-08-11 20:26:13,053 - [Rest:__init__]  DEBUG : this is test from Rest Infrastructure
2018-08-11 20:33:35,454 - [Rest:__init__]  DEBUG : this is test from Rest Infrastructure
2018-08-11 22:50:07,480 - [Rest:__init__]  DEBUG : this is test from Rest Infrastructure
2018-08-11 22:52:44,550 - [Rest:__init__]  DEBUG : this is test from Rest Infrastructure
2018-08-11 22:52:56,001 - [Rest:__init__]  DEBUG : this is test from Rest Infrastructure
2018-08-11 22:53:51,513 - [Rest:__init__]  DEBUG : this is test from Rest Infrastructure
2018-08-11 22:54:06,445 - [Rest:__init__]  DEBUG : this is test from Rest Infrastructure
2018-08-11 23:01:16,102 - [Rest:__init__]  DEBUG : this is test from Rest Infrastructure
2018-08-11 23:04:15,483 - [Rest:__init__]  DEBUG : this is test from Rest Infrastructure
2018-08-11 23:21:43,837 - [Rest:__init__]  DEBUG : this is test from Rest Infrastructure
2018-08-11 23:21:59,740 - [Rest:__init__]  DEBUG : this is test from Rest Infrastructure
2018-08-11 23:23:11,140 - [Rest:__init__]  DEBUG : this is test from Rest Infrastructure
2018-08-11 23:23:14,038 - [Rest:__init__]  DEBUG : this is test from Rest Infrastructure
2018-08-11 23:24:24,502 - [Rest:__init__]  DEBUG : this is test from Rest Infrastructure
2018-08-11 23:35:23,627 - [Rest:__init__]  DEBUG : this is test from Rest Infrastructure
2018-08-11 23:35:26,602 - [Rest:__init__]  DEBUG : this is test from Rest Infrastructure
2018-08-11 23:37:51,652 - [Rest:__init__]  DEBUG : this is test from Rest Infrastructure
2018-08-11 23:37:54,458 - [Rest:__init__]  DEBUG : this is test from Rest Infrastructure
2018-08-11 23:38:03,244 - [Rest:__init__]  DEBUG : this is test from Rest Infrastructure
2018-08-11 23:43:31,388 - [Rest:__init__]  DEBUG : this is test from Rest Infrastructure
2018-08-11 23:43:34,588 - [Rest:__init__]  DEBUG : this is test from Rest Infrastructure
2018-08-11 23:44:31,069 - [Rest:__init__]  DEBUG : this is test from Rest Infrastructure
2018-08-11 23:44:33,891 - [Rest:__init__]  DEBUG : this is test from Rest Infrastructure
2018-08-11 23:45:03,603 - [Rest:__init__]  DEBUG : this is test from Rest Infrastructure
2018-08-11 23:45:07,287 - [Rest:__init__]  DEBUG : this is test from Rest Infrastructure
2018-08-11 23:45:28,460 - [Rest:__init__]  DEBUG : this is test from Rest Infrastructure
2018-08-11 23:51:21,381 - [Rest:__init__]  DEBUG : this is test from Rest Infrastructure
2018-08-11 23:51:25,373 - [Rest:__init__]  DEBUG : this is test from Rest Infrastructure
2018-08-11 23:51:49,384 - [Rest:__init__]  DEBUG : this is test from Rest Infrastructure
2018-08-11 23:53:18,888 - [Rest:__init__]  DEBUG : this is test from Rest Infrastructure
2018-08-11 23:53:25,728 - [Rest:__init__]  DEBUG : this is test from Rest Infrastructure
2018-08-11 23:54:21,869 - [Rest:__init__]  DEBUG : this is test from Rest Infrastructure
2018-08-11 23:57:37,247 - [Rest:__init__]  DEBUG : this is test from Rest Infrastructure
2018-08-11 23:57:37,625 - [Rest:__init__]  DEBUG : this is test from Rest Infrastructure
2018-08-11 23:58:49,949 - [Rest:__init__]  DEBUG : this is test from Rest Infrastructure
2018-08-11 23:58:50,323 - [Rest:__init__]  DEBUG : this is test from Rest Infrastructure
2018-08-11 23:59:20,464 - [Rest:__init__]  DEBUG : this is test from Rest Infrastructure
2018-08-11 23:59:25,259 - [Rest:__init__]  DEBUG : this is test from Rest Infrastructure
2018-08-11 23:59:25,630 - [Rest:__init__]  DEBUG : this is test from Rest Infrastructure
2018-08-12 00:00:22,892 - [Rest:__init__]  DEBUG : this is test from Rest Infrastructure
2018-08-12 00:00:23,266 - [Rest:__init__]  DEBUG : this is test from Rest Infrastructure
2018-08-12 00:01:42,990 - [Rest:__init__]  DEBUG : this is test from Rest Infrastructure
2018-08-12 00:01:43,368 - [Rest:__init__]  DEBUG : this is test from Rest Infrastructure
2018-08-12 00:02:11,432 - [Rest:__init__]  DEBUG : this is test from Rest Infrastructure
2018-08-12 00:02:39,501 - [Rest:__init__]  DEBUG : this is test from Rest Infrastructure
2018-08-12 00:02:42,773 - [Rest:__init__]  DEBUG : this is test from Rest Infrastructure
2018-08-12 00:02:43,137 - [Rest:__init__]  DEBUG : this is test from Rest Infrastructure
2018-08-12 00:02:55,869 - [Rest:__init__]  DEBUG : this is test from Rest Infrastructure
2018-08-12 00:08:34,156 - [Rest:__init__]  DEBUG : this is test from Rest Infrastructure
2018-08-12 00:08:36,925 - [Rest:__init__]  DEBUG : this is test from Rest Infrastructure
2018-08-12 00:08:37,298 - [Rest:__init__]  DEBUG : this is test from Rest Infrastructure
2018-08-12 00:10:37,358 - [Rest:__init__]  DEBUG : this is test from Rest Infrastructure
2018-08-12 00:11:21,842 - [Rest:__init__]  DEBUG : this is test from Rest Infrastructure
2018-08-12 00:11:22,213 - [Rest:__init__]  DEBUG : this is test from Rest Infrastructure
2018-08-12 00:11:57,422 - [Rest:__init__]  DEBUG : this is test from Rest Infrastructure
2018-08-12 00:12:08,085 - [Rest:__init__]  DEBUG : this is test from Rest Infrastructure
2018-08-12 14:53:34,239 - [Rest:__init__]  DEBUG : this is test from Rest Infrastructure
2018-08-12 14:55:53,786 - [Rest:__init__]  DEBUG : this is test from Rest Infrastructure
2018-08-12 14:56:29,970 - [Rest:__init__]  DEBUG : this is test from Rest Infrastructure
2018-08-12 14:59:39,087 - [Rest:__init__]  DEBUG : this is test from Rest Infrastructure
2018-08-12 14:59:50,895 - [Rest:__init__]  DEBUG : this is test from Rest Infrastructure
2018-08-12 14:59:53,345 - [Rest:__init__]  DEBUG : this is test from Rest Infrastructure
2018-08-12 15:00:20,879 - [Rest:__init__]  DEBUG : this is test from Rest Infrastructure
2018-08-12 15:00:47,209 - [Rest:__init__]  DEBUG : this is test from Rest Infrastructure
2018-08-12 15:00:49,658 - [Rest:__init__]  DEBUG : this is test from Rest Infrastructure
2018-08-12 15:01:22,455 - [Rest:__init__]  DEBUG : this is test from Rest Infrastructure
2018-08-12 15:01:36,659 - [Rest:__init__]  DEBUG : this is test from Rest Infrastructure
2018-08-12 15:01:42,592 - [Rest:__init__]  DEBUG : this is test from Rest Infrastructure
2018-08-12 15:02:25,392 - [Rest:__init__]  DEBUG : this is test from Rest Infrastructure
2018-08-12 15:02:27,821 - [Rest:__init__]  DEBUG : this is test from Rest Infrastructure
2018-08-12 15:03:42,979 - [Rest:__init__]  DEBUG : this is test from Rest Infrastructure
2018-08-12 15:04:30,603 - [Rest:__init__]  DEBUG : this is test from Rest Infrastructure
2018-08-12 15:05:55,471 - [Rest:__init__]  DEBUG : this is test from Rest Infrastructure
2018-08-12 15:07:13,118 - [Rest:__init__]  DEBUG : this is test from Rest Infrastructure
2018-08-12 15:07:13,482 - [Rest:__init__]  DEBUG : this is test from Rest Infrastructure
2018-08-12 15:09:08,230 - [Rest:__init__]  DEBUG : this is test from Rest Infrastructure
2018-08-12 15:09:14,883 - [Rest:processRequest]  DEBUG : arg received [{'Page': 'pg100001', 'Action': 'pg100001_001', 'Arguments': {'SecurityToken': '1111'}}]
2018-08-12 15:09:14,883 - [Rest:processRequest]  DEBUG : validated request, its a valid request >>> {'Page': 'pg100001', 'Action': 'pg100001_001', 'Arguments': {'SecurityToken': '1111'}}
2018-08-12 15:09:14,883 - [Rest:__findBPSProcess]  DEBUG : arg received [pg100001,pg100001_001]
2018-08-12 15:09:14,884 - [Rest:__findBPSProcess]  DEBUG : found matching page [pg100001] in factory metdata
2018-08-12 15:09:14,884 - [Rest:__findBPSProcess]  DEBUG : found matching action [pg100001_001] on page [pg100001] in factory metdata
2018-08-12 15:09:14,884 - [Rest:__findBPSProcess]  DEBUG : BPM Json call found >>> {'cls': 'Interface', 'lib': 'com.port8.bpm.user_interface', 'args': [], 'method': 'getOverallAvgScore'}
2018-08-12 15:09:14,884 - [Rest:processRequest]  DEBUG : found, bpm process [{'cls': 'Interface', 'lib': 'com.port8.bpm.user_interface', 'args': [], 'method': 'getOverallAvgScore'}]
2018-08-12 15:09:14,884 - [Rest:__executeBPSPRocess]  DEBUG : arg received [com.port8.bpm.user_interface,Interface,getOverallAvgScore,{'SecurityToken': '1111'}]
2018-08-12 15:09:46,541 - [Rest:__init__]  DEBUG : this is test from Rest Infrastructure
2018-08-12 15:09:53,910 - [Rest:processRequest]  DEBUG : arg received [{'Page': 'pg100001', 'Action': 'pg100001_001', 'Arguments': {'SecurityToken': '1111'}}]
2018-08-12 15:09:53,910 - [Rest:processRequest]  DEBUG : validated request, its a valid request >>> {'Page': 'pg100001', 'Action': 'pg100001_001', 'Arguments': {'SecurityToken': '1111'}}
2018-08-12 15:09:53,910 - [Rest:__findBPSProcess]  DEBUG : arg received [pg100001,pg100001_001]
2018-08-12 15:09:53,911 - [Rest:__findBPSProcess]  DEBUG : found matching page [pg100001] in factory metdata
2018-08-12 15:09:53,911 - [Rest:__findBPSProcess]  DEBUG : found matching action [pg100001_001] on page [pg100001] in factory metdata
2018-08-12 15:09:53,911 - [Rest:__findBPSProcess]  DEBUG : BPM Json call found >>> {'cls': 'Interface', 'lib': 'com.port8.bpm.user_interface', 'args': [], 'method': 'getOverallAvgScore'}
2018-08-12 15:09:53,911 - [Rest:processRequest]  DEBUG : found, bpm process [{'cls': 'Interface', 'lib': 'com.port8.bpm.user_interface', 'args': [], 'method': 'getOverallAvgScore'}]
2018-08-12 15:09:53,911 - [Rest:__executeBPSPRocess]  DEBUG : arg received [com.port8.bpm.user_interface,Interface,getOverallAvgScore,{'SecurityToken': '1111'}]
2018-08-12 15:09:53,928 - [Rest:__executeBPSPRocess]  INFO : executing method with arguments >>>[com.port8.bpm.user_interface.Interface.getOverallAvgScore {'SecurityToken': '1111'}]
2018-08-12 15:09:53,931 - [Rest:__executeBPSPRocess]  DEBUG : results after execution >>> {'Status': 'Success', 'Message': 'Success', 'Data': [{'AvgScore': 76.03}]}
2018-08-12 15:09:53,931 - [Rest:processRequest]  DEBUG : myResponse data >>> {'Status': 'Success', 'Message': 'Success', 'Data': [{'AvgScore': 76.03}]}
2018-08-12 15:10:04,659 - [Rest:processRequest]  DEBUG : arg received [{'Page': 'pg100003', 'Action': 'pg100003_001', 'Arguments': {'SecurityToken': '1111'}}]
2018-08-12 15:10:04,660 - [Rest:processRequest]  DEBUG : validated request, its a valid request >>> {'Page': 'pg100003', 'Action': 'pg100003_001', 'Arguments': {'SecurityToken': '1111'}}
2018-08-12 15:10:04,660 - [Rest:__findBPSProcess]  DEBUG : arg received [pg100003,pg100003_001]
2018-08-12 15:10:04,660 - [Rest:__findBPSProcess]  DEBUG : found matching page [pg100003] in factory metdata
2018-08-12 15:10:04,660 - [Rest:__findBPSProcess]  DEBUG : found matching action [pg100003_001] on page [pg100003] in factory metdata
2018-08-12 15:10:04,660 - [Rest:__findBPSProcess]  DEBUG : BPM Json call found >>> {'cls': 'Interface', 'lib': 'com.port8.bpm.user_interface', 'args': [], 'method': 'getVendorAvgScore'}
2018-08-12 15:10:04,661 - [Rest:processRequest]  DEBUG : found, bpm process [{'cls': 'Interface', 'lib': 'com.port8.bpm.user_interface', 'args': [], 'method': 'getVendorAvgScore'}]
2018-08-12 15:10:04,661 - [Rest:__executeBPSPRocess]  DEBUG : arg received [com.port8.bpm.user_interface,Interface,getVendorAvgScore,{'SecurityToken': '1111'}]
2018-08-12 15:10:04,661 - [Rest:__executeBPSPRocess]  INFO : executing method with arguments >>>[com.port8.bpm.user_interface.Interface.getVendorAvgScore {'SecurityToken': '1111'}]
2018-08-12 15:10:04,667 - [Rest:__executeBPSPRocess]  DEBUG : results after execution >>> {'Status': 'Success', 'Message': 'Success', 'Data': [{'Vendor': 'MICROSOFT', 'Products': [{'Product': 'MSSQL', 'AvgScore': 68.12}]}, {'Vendor': 'MONGO', 'Products': [{'Product': 'MONGO DATABASE', 'AvgScore': 73.5}]}, {'Vendor': 'ORACLE', 'Products': [{'Product': 'MYSQL', 'AvgScore': 80.43}, {'Product': 'ORACLE DATABASE', 'AvgScore': 74.34}]}, {'Vendor': 'REDHAT', 'Products': [{'Product': 'LINUX-RHEL', 'AvgScore': 55.0}]}]}
2018-08-12 15:10:04,667 - [Rest:processRequest]  DEBUG : myResponse data >>> {'Status': 'Success', 'Message': 'Success', 'Data': [{'Vendor': 'MICROSOFT', 'Products': [{'Product': 'MSSQL', 'AvgScore': 68.12}]}, {'Vendor': 'MONGO', 'Products': [{'Product': 'MONGO DATABASE', 'AvgScore': 73.5}]}, {'Vendor': 'ORACLE', 'Products': [{'Product': 'MYSQL', 'AvgScore': 80.43}, {'Product': 'ORACLE DATABASE', 'AvgScore': 74.34}]}, {'Vendor': 'REDHAT', 'Products': [{'Product': 'LINUX-RHEL', 'AvgScore': 55.0}]}]}
